{"G:\\ESTUDOS IA TRAE\\role\\backend\\src\\app.ts": {"path":"G:\\ESTUDOS IA TRAE\\role\\backend\\src\\app.ts","statementMap":{"0":{"start":{"line":1,"column":0},"end":{"line":1,"column":29}},"1":{"start":{"line":2,"column":0},"end":{"line":2,"column":23}},"2":{"start":{"line":3,"column":0},"end":{"line":3,"column":27}},"3":{"start":{"line":4,"column":0},"end":{"line":4,"column":42}},"4":{"start":{"line":5,"column":0},"end":{"line":5,"column":34}},"5":{"start":{"line":6,"column":0},"end":{"line":6,"column":31}},"6":{"start":{"line":7,"column":0},"end":{"line":7,"column":51}},"7":{"start":{"line":8,"column":0},"end":{"line":8,"column":57}},"8":{"start":{"line":9,"column":0},"end":{"line":9,"column":42}},"9":{"start":{"line":10,"column":0},"end":{"line":10,"column":44}},"10":{"start":{"line":11,"column":0},"end":{"line":11,"column":48}},"11":{"start":{"line":12,"column":0},"end":{"line":12,"column":42}},"12":{"start":{"line":14,"column":12},"end":{"line":14,"column":21}},"13":{"start":{"line":17,"column":0},"end":{"line":17,"column":null}},"14":{"start":{"line":20,"column":23},"end":{"line":20,"column":47}},"15":{"start":{"line":21,"column":0},"end":{"line":40,"column":null}},"16":{"start":{"line":24,"column":6},"end":{"line":24,"column":null}},"17":{"start":{"line":24,"column":19},"end":{"line":24,"column":null}},"18":{"start":{"line":25,"column":28},"end":{"line":25,"column":90}},"19":{"start":{"line":26,"column":23},"end":{"line":26,"column":28}},"20":{"start":{"line":27,"column":6},"end":{"line":32,"column":7}},"21":{"start":{"line":28,"column":18},"end":{"line":28,"column":33}},"22":{"start":{"line":29,"column":8},"end":{"line":29,"column":null}},"23":{"start":{"line":33,"column":6},"end":{"line":35,"column":7}},"24":{"start":{"line":34,"column":8},"end":{"line":34,"column":null}},"25":{"start":{"line":36,"column":6},"end":{"line":36,"column":null}},"26":{"start":{"line":45,"column":0},"end":{"line":67,"column":null}},"27":{"start":{"line":70,"column":0},"end":{"line":70,"column":null}},"28":{"start":{"line":73,"column":16},"end":{"line":73,"column":60}},"29":{"start":{"line":74,"column":0},"end":{"line":74,"column":null}},"30":{"start":{"line":77,"column":0},"end":{"line":83,"column":1}},"31":{"start":{"line":78,"column":2},"end":{"line":78,"column":null}},"32":{"start":{"line":79,"column":2},"end":{"line":82,"column":null}},"33":{"start":{"line":80,"column":4},"end":{"line":80,"column":null}},"34":{"start":{"line":80,"column":68},"end":{"line":80,"column":null}},"35":{"start":{"line":81,"column":4},"end":{"line":81,"column":null}},"36":{"start":{"line":86,"column":0},"end":{"line":88,"column":null}},"37":{"start":{"line":87,"column":2},"end":{"line":87,"column":null}},"38":{"start":{"line":91,"column":0},"end":{"line":91,"column":null}},"39":{"start":{"line":94,"column":0},"end":{"line":94,"column":null}},"40":{"start":{"line":97,"column":0},"end":{"line":97,"column":null}},"41":{"start":{"line":100,"column":0},"end":{"line":100,"column":null}},"42":{"start":{"line":103,"column":0},"end":{"line":105,"column":null}},"43":{"start":{"line":104,"column":2},"end":{"line":104,"column":null}},"44":{"start":{"line":108,"column":0},"end":{"line":108,"column":null}},"45":{"start":{"line":111,"column":0},"end":{"line":113,"column":null}},"46":{"start":{"line":112,"column":2},"end":{"line":112,"column":null}},"47":{"start":{"line":115,"column":0},"end":{"line":115,"column":null}}},"fnMap":{"0":{"name":"(anonymous_1)","decl":{"start":{"line":23,"column":12},"end":{"line":23,"column":13}},"loc":{"start":{"line":23,"column":99},"end":{"line":37,"column":5}}},"1":{"name":"(anonymous_2)","decl":{"start":{"line":79,"column":10},"end":{"line":79,"column":11}},"loc":{"start":{"line":79,"column":29},"end":{"line":82,"column":3}}},"2":{"name":"(anonymous_3)","decl":{"start":{"line":86,"column":19},"end":{"line":86,"column":20}},"loc":{"start":{"line":86,"column":33},"end":{"line":88,"column":1}}},"3":{"name":"(anonymous_4)","decl":{"start":{"line":103,"column":38},"end":{"line":103,"column":39}},"loc":{"start":{"line":103,"column":51},"end":{"line":105,"column":1}}},"4":{"name":"(anonymous_5)","decl":{"start":{"line":111,"column":8},"end":{"line":111,"column":9}},"loc":{"start":{"line":111,"column":22},"end":{"line":113,"column":1}}}},"branchMap":{"0":{"loc":{"start":{"line":24,"column":6},"end":{"line":24,"column":null}},"type":"if","locations":[{"start":{"line":24,"column":6},"end":{"line":24,"column":null}},{"start":{},"end":{}}]},"1":{"loc":{"start":{"line":25,"column":28},"end":{"line":25,"column":90}},"type":"binary-expr","locations":[{"start":{"line":25,"column":28},"end":{"line":25,"column":55}},{"start":{"line":25,"column":59},"end":{"line":25,"column":90}}]},"2":{"loc":{"start":{"line":33,"column":6},"end":{"line":35,"column":7}},"type":"if","locations":[{"start":{"line":33,"column":6},"end":{"line":35,"column":7}},{"start":{},"end":{}}]},"3":{"loc":{"start":{"line":33,"column":10},"end":{"line":33,"column":72}},"type":"binary-expr","locations":[{"start":{"line":33,"column":10},"end":{"line":33,"column":23}},{"start":{"line":33,"column":28},"end":{"line":33,"column":57}},{"start":{"line":33,"column":61},"end":{"line":33,"column":71}}]},"4":{"loc":{"start":{"line":47,"column":27},"end":{"line":62,"column":13}},"type":"cond-expr","locations":[{"start":{"line":48,"column":8},"end":{"line":61,"column":null}},{"start":{"line":62,"column":8},"end":{"line":62,"column":13}}]},"5":{"loc":{"start":{"line":63,"column":10},"end":{"line":63,"column":110}},"type":"cond-expr","locations":[{"start":{"line":63,"column":42},"end":{"line":63,"column":102}},{"start":{"line":63,"column":105},"end":{"line":63,"column":110}}]},"6":{"loc":{"start":{"line":77,"column":0},"end":{"line":83,"column":1}},"type":"if","locations":[{"start":{"line":77,"column":0},"end":{"line":83,"column":1}},{"start":{},"end":{}}]},"7":{"loc":{"start":{"line":80,"column":4},"end":{"line":80,"column":null}},"type":"if","locations":[{"start":{"line":80,"column":4},"end":{"line":80,"column":null}},{"start":{},"end":{}}]},"8":{"loc":{"start":{"line":80,"column":8},"end":{"line":80,"column":66}},"type":"binary-expr","locations":[{"start":{"line":80,"column":8},"end":{"line":80,"column":18}},{"start":{"line":80,"column":22},"end":{"line":80,"column":66}}]}},"s":{"0":12,"1":12,"2":12,"3":12,"4":12,"5":12,"6":12,"7":12,"8":12,"9":12,"10":12,"11":12,"12":12,"13":12,"14":12,"15":12,"16":24,"17":24,"18":0,"19":0,"20":0,"21":0,"22":0,"23":0,"24":0,"25":0,"26":12,"27":12,"28":12,"29":12,"30":12,"31":0,"32":0,"33":0,"34":0,"35":0,"36":12,"37":1,"38":12,"39":12,"40":12,"41":12,"42":12,"43":0,"44":12,"45":12,"46":1,"47":12},"f":{"0":24,"1":0,"2":1,"3":0,"4":1},"b":{"0":[24,0],"1":[0,0],"2":[0,0],"3":[0,0,0],"4":[0,12],"5":[0,12],"6":[0,12],"7":[0,0],"8":[0,0]}}
,"G:\\ESTUDOS IA TRAE\\role\\backend\\src\\config\\env.ts": {"path":"G:\\ESTUDOS IA TRAE\\role\\backend\\src\\config\\env.ts","statementMap":{"0":{"start":{"line":1,"column":0},"end":{"line":1,"column":27}},"1":{"start":{"line":2,"column":0},"end":{"line":2,"column":23}},"2":{"start":{"line":5,"column":0},"end":{"line":5,"column":null}},"3":{"start":{"line":7,"column":18},"end":{"line":31,"column":2}},"4":{"start":{"line":33,"column":15},"end":{"line":33,"column":47}},"5":{"start":{"line":35,"column":0},"end":{"line":38,"column":1}},"6":{"start":{"line":36,"column":2},"end":{"line":36,"column":null}},"7":{"start":{"line":37,"column":2},"end":{"line":37,"column":null}},"8":{"start":{"line":40,"column":13},"end":{"line":46,"column":null}},"9":{"start":{"line":45,"column":74},"end":{"line":45,"column":82}}},"fnMap":{"0":{"name":"(anonymous_1)","decl":{"start":{"line":45,"column":67},"end":{"line":45,"column":68}},"loc":{"start":{"line":45,"column":74},"end":{"line":45,"column":82}}}},"branchMap":{"0":{"loc":{"start":{"line":35,"column":0},"end":{"line":38,"column":1}},"type":"if","locations":[{"start":{"line":35,"column":0},"end":{"line":38,"column":1}},{"start":{},"end":{}}]}},"s":{"0":15,"1":15,"2":15,"3":15,"4":15,"5":15,"6":0,"7":0,"8":15,"9":30},"f":{"0":30},"b":{"0":[0,15]}}
,"G:\\ESTUDOS IA TRAE\\role\\backend\\src\\config\\firebaseAdmin.ts": {"path":"G:\\ESTUDOS IA TRAE\\role\\backend\\src\\config\\firebaseAdmin.ts","statementMap":{"0":{"start":{"line":1,"column":0},"end":{"line":1,"column":76}},"1":{"start":{"line":2,"column":0},"end":{"line":2,"column":45}},"2":{"start":{"line":3,"column":0},"end":{"line":3,"column":27}},"3":{"start":{"line":7,"column":0},"end":{"line":18,"column":null}},"4":{"start":{"line":20,"column":13},"end":{"line":20,"column":null}}},"fnMap":{},"branchMap":{"0":{"loc":{"start":{"line":8,"column":2},"end":{"line":17,"column":78}},"type":"cond-expr","locations":[{"start":{"line":9,"column":6},"end":{"line":16,"column":null}},{"start":{"line":17,"column":6},"end":{"line":17,"column":78}}]},"1":{"loc":{"start":{"line":8,"column":2},"end":{"line":8,"column":55}},"type":"binary-expr","locations":[{"start":{"line":8,"column":2},"end":{"line":8,"column":26}},{"start":{"line":8,"column":30},"end":{"line":8,"column":55}}]}},"s":{"0":8,"1":8,"2":8,"3":8,"4":8},"f":{},"b":{"0":[0,8],"1":[8,0]}}
,"G:\\ESTUDOS IA TRAE\\role\\backend\\src\\middlewares\\auth.ts": {"path":"G:\\ESTUDOS IA TRAE\\role\\backend\\src\\middlewares\\auth.ts","statementMap":{"0":{"start":{"line":7,"column":0},"end":{"line":7,"column":7}},"1":{"start":{"line":2,"column":0},"end":{"line":2,"column":51}},"2":{"start":{"line":8,"column":2},"end":{"line":28,"column":3}},"3":{"start":{"line":9,"column":23},"end":{"line":9,"column":54}},"4":{"start":{"line":10,"column":18},"end":{"line":10,"column":51}},"5":{"start":{"line":11,"column":4},"end":{"line":14,"column":5}},"6":{"start":{"line":12,"column":6},"end":{"line":12,"column":null}},"7":{"start":{"line":13,"column":6},"end":{"line":13,"column":null}},"8":{"start":{"line":15,"column":20},"end":{"line":15,"column":28}},"9":{"start":{"line":17,"column":4},"end":{"line":22,"column":5}},"10":{"start":{"line":18,"column":6},"end":{"line":18,"column":null}},"11":{"start":{"line":20,"column":6},"end":{"line":20,"column":null}},"12":{"start":{"line":21,"column":6},"end":{"line":21,"column":null}},"13":{"start":{"line":23,"column":6},"end":{"line":23,"column":null}},"14":{"start":{"line":24,"column":4},"end":{"line":24,"column":null}},"15":{"start":{"line":26,"column":4},"end":{"line":26,"column":null}},"16":{"start":{"line":27,"column":4},"end":{"line":27,"column":null}}},"fnMap":{"0":{"name":"authMiddleware","decl":{"start":{"line":7,"column":22},"end":{"line":7,"column":36}},"loc":{"start":{"line":7,"column":84},"end":{"line":29,"column":1}}}},"branchMap":{"0":{"loc":{"start":{"line":9,"column":23},"end":{"line":9,"column":54}},"type":"binary-expr","locations":[{"start":{"line":9,"column":23},"end":{"line":9,"column":48}},{"start":{"line":9,"column":52},"end":{"line":9,"column":54}}]},"1":{"loc":{"start":{"line":11,"column":4},"end":{"line":14,"column":5}},"type":"if","locations":[{"start":{"line":11,"column":4},"end":{"line":14,"column":5}},{"start":{},"end":{}}]},"2":{"loc":{"start":{"line":20,"column":62},"end":{"line":20,"column":77}},"type":"binary-expr","locations":[{"start":{"line":20,"column":62},"end":{"line":20,"column":72}},{"start":{"line":20,"column":76},"end":{"line":20,"column":77}}]}},"s":{"0":12,"1":12,"2":10,"3":10,"4":10,"5":10,"6":1,"7":1,"8":9,"9":9,"10":9,"11":1,"12":1,"13":8,"14":8,"15":0,"16":0},"f":{"0":10},"b":{"0":[10,1],"1":[1,9],"2":[1,0]}}
,"G:\\ESTUDOS IA TRAE\\role\\backend\\src\\middlewares\\errorHandler.ts": {"path":"G:\\ESTUDOS IA TRAE\\role\\backend\\src\\middlewares\\errorHandler.ts","statementMap":{"0":{"start":{"line":3,"column":0},"end":{"line":3,"column":16}},"1":{"start":{"line":4,"column":17},"end":{"line":4,"column":34}},"2":{"start":{"line":5,"column":18},"end":{"line":5,"column":56}},"3":{"start":{"line":7,"column":2},"end":{"line":7,"column":null}},"4":{"start":{"line":8,"column":2},"end":{"line":8,"column":null}}},"fnMap":{"0":{"name":"errorHandler","decl":{"start":{"line":3,"column":16},"end":{"line":3,"column":28}},"loc":{"start":{"line":3,"column":88},"end":{"line":9,"column":1}}}},"branchMap":{"0":{"loc":{"start":{"line":4,"column":17},"end":{"line":4,"column":34}},"type":"binary-expr","locations":[{"start":{"line":4,"column":17},"end":{"line":4,"column":27}},{"start":{"line":4,"column":31},"end":{"line":4,"column":34}}]},"1":{"loc":{"start":{"line":5,"column":18},"end":{"line":5,"column":56}},"type":"binary-expr","locations":[{"start":{"line":5,"column":18},"end":{"line":5,"column":29}},{"start":{"line":5,"column":33},"end":{"line":5,"column":56}}]}},"s":{"0":13,"1":6,"2":6,"3":6,"4":6},"f":{"0":6},"b":{"0":[6,2],"1":[6,0]}}
,"G:\\ESTUDOS IA TRAE\\role\\backend\\src\\routes\\auth.ts": {"path":"G:\\ESTUDOS IA TRAE\\role\\backend\\src\\routes\\auth.ts","statementMap":{"0":{"start":{"line":1,"column":0},"end":{"line":1,"column":32}},"1":{"start":{"line":2,"column":0},"end":{"line":2,"column":51}},"2":{"start":{"line":3,"column":0},"end":{"line":3,"column":52}},"3":{"start":{"line":7,"column":15},"end":{"line":7,"column":23}},"4":{"start":{"line":10,"column":0},"end":{"line":28,"column":null}},"5":{"start":{"line":11,"column":2},"end":{"line":27,"column":3}},"6":{"start":{"line":12,"column":17},"end":{"line":12,"column":42}},"7":{"start":{"line":13,"column":17},"end":{"line":13,"column":45}},"8":{"start":{"line":14,"column":4},"end":{"line":24,"column":null}},"9":{"start":{"line":23,"column":51},"end":{"line":23,"column":91}},"10":{"start":{"line":26,"column":4},"end":{"line":26,"column":null}},"11":{"start":{"line":30,"column":13},"end":{"line":30,"column":null}}},"fnMap":{"0":{"name":"(anonymous_0)","decl":{"start":{"line":10,"column":34},"end":{"line":10,"column":39}},"loc":{"start":{"line":10,"column":59},"end":{"line":28,"column":1}}},"1":{"name":"(anonymous_1)","decl":{"start":{"line":23,"column":43},"end":{"line":23,"column":44}},"loc":{"start":{"line":23,"column":51},"end":{"line":23,"column":91}}}},"branchMap":{"0":{"loc":{"start":{"line":22,"column":20},"end":{"line":22,"column":43}},"type":"binary-expr","locations":[{"start":{"line":22,"column":20},"end":{"line":22,"column":37}},{"start":{"line":22,"column":41},"end":{"line":22,"column":43}}]},"1":{"loc":{"start":{"line":23,"column":20},"end":{"line":23,"column":99}},"type":"binary-expr","locations":[{"start":{"line":23,"column":20},"end":{"line":23,"column":93}},{"start":{"line":23,"column":97},"end":{"line":23,"column":99}}]}},"s":{"0":12,"1":12,"2":12,"3":12,"4":12,"5":1,"6":1,"7":1,"8":1,"9":1,"10":0,"11":12},"f":{"0":1,"1":1},"b":{"0":[1,0],"1":[1,0]}}
,"G:\\ESTUDOS IA TRAE\\role\\backend\\src\\routes\\diag.ts": {"path":"G:\\ESTUDOS IA TRAE\\role\\backend\\src\\routes\\diag.ts","statementMap":{"0":{"start":{"line":1,"column":0},"end":{"line":1,"column":32}},"1":{"start":{"line":2,"column":0},"end":{"line":2,"column":55}},"2":{"start":{"line":3,"column":0},"end":{"line":3,"column":43}},"3":{"start":{"line":4,"column":0},"end":{"line":4,"column":35}},"4":{"start":{"line":6,"column":15},"end":{"line":6,"column":23}},"5":{"start":{"line":7,"column":11},"end":{"line":7,"column":93}},"6":{"start":{"line":10,"column":0},"end":{"line":12,"column":null}},"7":{"start":{"line":11,"column":2},"end":{"line":11,"column":null}},"8":{"start":{"line":15,"column":0},"end":{"line":24,"column":null}},"9":{"start":{"line":16,"column":2},"end":{"line":23,"column":3}},"10":{"start":{"line":18,"column":21},"end":{"line":18,"column":64}},"11":{"start":{"line":19,"column":15},"end":{"line":19,"column":19}},"12":{"start":{"line":20,"column":4},"end":{"line":20,"column":null}},"13":{"start":{"line":22,"column":4},"end":{"line":22,"column":null}},"14":{"start":{"line":26,"column":13},"end":{"line":26,"column":null}}},"fnMap":{"0":{"name":"(anonymous_0)","decl":{"start":{"line":10,"column":16},"end":{"line":10,"column":17}},"loc":{"start":{"line":10,"column":30},"end":{"line":12,"column":1}}},"1":{"name":"(anonymous_1)","decl":{"start":{"line":15,"column":25},"end":{"line":15,"column":30}},"loc":{"start":{"line":15,"column":51},"end":{"line":24,"column":1}}}},"branchMap":{"0":{"loc":{"start":{"line":7,"column":11},"end":{"line":7,"column":93}},"type":"cond-expr","locations":[{"start":{"line":7,"column":33},"end":{"line":7,"column":76}},{"start":{"line":7,"column":79},"end":{"line":7,"column":93}}]}},"s":{"0":12,"1":12,"2":12,"3":12,"4":12,"5":12,"6":12,"7":1,"8":12,"9":2,"10":2,"11":1,"12":1,"13":1,"14":12},"f":{"0":1,"1":2},"b":{"0":[0,12]}}
,"G:\\ESTUDOS IA TRAE\\role\\backend\\src\\routes\\metrics.ts": {"path":"G:\\ESTUDOS IA TRAE\\role\\backend\\src\\routes\\metrics.ts","statementMap":{"0":{"start":{"line":1,"column":0},"end":{"line":1,"column":32}},"1":{"start":{"line":2,"column":0},"end":{"line":2,"column":66}},"2":{"start":{"line":3,"column":0},"end":{"line":3,"column":43}},"3":{"start":{"line":4,"column":0},"end":{"line":4,"column":35}},"4":{"start":{"line":5,"column":0},"end":{"line":5,"column":23}},"5":{"start":{"line":7,"column":15},"end":{"line":7,"column":23}},"6":{"start":{"line":8,"column":11},"end":{"line":8,"column":93}},"7":{"start":{"line":9,"column":15},"end":{"line":9,"column":21}},"8":{"start":{"line":16,"column":0},"end":{"line":39,"column":null}},"9":{"start":{"line":17,"column":2},"end":{"line":38,"column":3}},"10":{"start":{"line":18,"column":79},"end":{"line":18,"column":93}},"11":{"start":{"line":19,"column":4},"end":{"line":21,"column":5}},"12":{"start":{"line":20,"column":6},"end":{"line":20,"column":null}},"13":{"start":{"line":22,"column":20},"end":{"line":32,"column":null}},"14":{"start":{"line":33,"column":4},"end":{"line":33,"column":null}},"15":{"start":{"line":34,"column":4},"end":{"line":34,"column":null}},"16":{"start":{"line":35,"column":4},"end":{"line":35,"column":null}},"17":{"start":{"line":37,"column":4},"end":{"line":37,"column":null}},"18":{"start":{"line":41,"column":13},"end":{"line":41,"column":null}}},"fnMap":{"0":{"name":"(anonymous_1)","decl":{"start":{"line":16,"column":27},"end":{"line":16,"column":32}},"loc":{"start":{"line":16,"column":52},"end":{"line":39,"column":1}}}},"branchMap":{"0":{"loc":{"start":{"line":8,"column":11},"end":{"line":8,"column":93}},"type":"cond-expr","locations":[{"start":{"line":8,"column":33},"end":{"line":8,"column":76}},{"start":{"line":8,"column":79},"end":{"line":8,"column":93}}]},"1":{"loc":{"start":{"line":18,"column":79},"end":{"line":18,"column":93}},"type":"binary-expr","locations":[{"start":{"line":18,"column":79},"end":{"line":18,"column":87}},{"start":{"line":18,"column":91},"end":{"line":18,"column":93}}]},"2":{"loc":{"start":{"line":19,"column":4},"end":{"line":21,"column":5}},"type":"if","locations":[{"start":{"line":19,"column":4},"end":{"line":21,"column":5}},{"start":{},"end":{}}]},"3":{"loc":{"start":{"line":19,"column":8},"end":{"line":19,"column":49}},"type":"binary-expr","locations":[{"start":{"line":19,"column":8},"end":{"line":19,"column":13}},{"start":{"line":19,"column":17},"end":{"line":19,"column":42}},{"start":{"line":19,"column":46},"end":{"line":19,"column":49}}]},"4":{"loc":{"start":{"line":26,"column":13},"end":{"line":26,"column":58}},"type":"cond-expr","locations":[{"start":{"line":26,"column":41},"end":{"line":26,"column":46}},{"start":{"line":26,"column":49},"end":{"line":26,"column":58}}]},"5":{"loc":{"start":{"line":27,"column":14},"end":{"line":27,"column":61}},"type":"cond-expr","locations":[{"start":{"line":27,"column":43},"end":{"line":27,"column":49}},{"start":{"line":27,"column":52},"end":{"line":27,"column":61}}]},"6":{"loc":{"start":{"line":28,"column":22},"end":{"line":28,"column":85}},"type":"cond-expr","locations":[{"start":{"line":28,"column":59},"end":{"line":28,"column":73}},{"start":{"line":28,"column":76},"end":{"line":28,"column":85}}]},"7":{"loc":{"start":{"line":29,"column":11},"end":{"line":29,"column":52}},"type":"cond-expr","locations":[{"start":{"line":29,"column":37},"end":{"line":29,"column":40}},{"start":{"line":29,"column":43},"end":{"line":29,"column":52}}]},"8":{"loc":{"start":{"line":30,"column":17},"end":{"line":30,"column":70}},"type":"cond-expr","locations":[{"start":{"line":30,"column":49},"end":{"line":30,"column":58}},{"start":{"line":30,"column":61},"end":{"line":30,"column":70}}]}},"s":{"0":12,"1":12,"2":12,"3":12,"4":12,"5":12,"6":12,"7":12,"8":12,"9":5,"10":5,"11":5,"12":2,"13":3,"14":3,"15":3,"16":2,"17":1,"18":12},"f":{"0":5},"b":{"0":[0,12],"1":[5,0],"2":[2,3],"3":[5,3,3],"4":[1,2],"5":[1,2],"6":[1,2],"7":[1,2],"8":[1,2]}}
,"G:\\ESTUDOS IA TRAE\\role\\backend\\src\\routes\\roles.ts": {"path":"G:\\ESTUDOS IA TRAE\\role\\backend\\src\\routes\\roles.ts","statementMap":{"0":{"start":{"line":1,"column":0},"end":{"line":1,"column":32}},"1":{"start":{"line":2,"column":0},"end":{"line":2,"column":42}},"2":{"start":{"line":3,"column":0},"end":{"line":3,"column":52}},"3":{"start":{"line":4,"column":0},"end":{"line":4,"column":80}},"4":{"start":{"line":5,"column":0},"end":{"line":5,"column":101}},"5":{"start":{"line":15,"column":15},"end":{"line":15,"column":23}},"6":{"start":{"line":18,"column":21},"end":{"line":21,"column":2}},"7":{"start":{"line":24,"column":0},"end":{"line":51,"column":null}},"8":{"start":{"line":25,"column":2},"end":{"line":50,"column":3}},"9":{"start":{"line":27,"column":6},"end":{"line":27,"column":41}},"10":{"start":{"line":28,"column":24},"end":{"line":28,"column":85}},"11":{"start":{"line":29,"column":23},"end":{"line":29,"column":67}},"12":{"start":{"line":30,"column":26},"end":{"line":30,"column":69}},"13":{"start":{"line":31,"column":24},"end":{"line":31,"column":63}},"14":{"start":{"line":32,"column":32},"end":{"line":32,"column":87}},"15":{"start":{"line":33,"column":18},"end":{"line":46,"column":6}},"16":{"start":{"line":47,"column":4},"end":{"line":47,"column":null}},"17":{"start":{"line":49,"column":4},"end":{"line":49,"column":null}},"18":{"start":{"line":54,"column":0},"end":{"line":81,"column":null}},"19":{"start":{"line":55,"column":2},"end":{"line":80,"column":3}},"20":{"start":{"line":57,"column":6},"end":{"line":57,"column":41}},"21":{"start":{"line":58,"column":24},"end":{"line":58,"column":85}},"22":{"start":{"line":59,"column":23},"end":{"line":59,"column":67}},"23":{"start":{"line":60,"column":26},"end":{"line":60,"column":69}},"24":{"start":{"line":61,"column":24},"end":{"line":61,"column":63}},"25":{"start":{"line":62,"column":32},"end":{"line":62,"column":87}},"26":{"start":{"line":63,"column":17},"end":{"line":63,"column":42}},"27":{"start":{"line":64,"column":18},"end":{"line":76,"column":6}},"28":{"start":{"line":77,"column":4},"end":{"line":77,"column":null}},"29":{"start":{"line":79,"column":4},"end":{"line":79,"column":null}},"30":{"start":{"line":84,"column":0},"end":{"line":92,"column":null}},"31":{"start":{"line":85,"column":2},"end":{"line":91,"column":3}},"32":{"start":{"line":86,"column":17},"end":{"line":86,"column":49}},"33":{"start":{"line":87,"column":4},"end":{"line":87,"column":null}},"34":{"start":{"line":87,"column":15},"end":{"line":87,"column":null}},"35":{"start":{"line":88,"column":4},"end":{"line":88,"column":null}},"36":{"start":{"line":90,"column":4},"end":{"line":90,"column":null}},"37":{"start":{"line":95,"column":0},"end":{"line":108,"column":null}},"38":{"start":{"line":96,"column":2},"end":{"line":107,"column":3}},"39":{"start":{"line":97,"column":19},"end":{"line":97,"column":51}},"40":{"start":{"line":98,"column":17},"end":{"line":98,"column":42}},"41":{"start":{"line":99,"column":20},"end":{"line":99,"column":49}},"42":{"start":{"line":100,"column":4},"end":{"line":100,"column":null}},"43":{"start":{"line":103,"column":4},"end":{"line":105,"column":5}},"44":{"start":{"line":104,"column":6},"end":{"line":104,"column":null}},"45":{"start":{"line":106,"column":4},"end":{"line":106,"column":null}},"46":{"start":{"line":111,"column":0},"end":{"line":123,"column":null}},"47":{"start":{"line":112,"column":2},"end":{"line":122,"column":3}},"48":{"start":{"line":113,"column":19},"end":{"line":113,"column":51}},"49":{"start":{"line":114,"column":17},"end":{"line":114,"column":42}},"50":{"start":{"line":115,"column":20},"end":{"line":115,"column":64}},"51":{"start":{"line":116,"column":4},"end":{"line":116,"column":null}},"52":{"start":{"line":118,"column":4},"end":{"line":120,"column":5}},"53":{"start":{"line":119,"column":6},"end":{"line":119,"column":null}},"54":{"start":{"line":121,"column":4},"end":{"line":121,"column":null}},"55":{"start":{"line":126,"column":0},"end":{"line":134,"column":null}},"56":{"start":{"line":127,"column":2},"end":{"line":133,"column":3}},"57":{"start":{"line":128,"column":17},"end":{"line":128,"column":42}},"58":{"start":{"line":129,"column":4},"end":{"line":129,"column":null}},"59":{"start":{"line":130,"column":4},"end":{"line":130,"column":null}},"60":{"start":{"line":132,"column":4},"end":{"line":132,"column":null}},"61":{"start":{"line":136,"column":13},"end":{"line":136,"column":null}}},"fnMap":{"0":{"name":"(anonymous_1)","decl":{"start":{"line":24,"column":16},"end":{"line":24,"column":21}},"loc":{"start":{"line":24,"column":41},"end":{"line":51,"column":1}}},"1":{"name":"(anonymous_2)","decl":{"start":{"line":54,"column":36},"end":{"line":54,"column":41}},"loc":{"start":{"line":54,"column":61},"end":{"line":81,"column":1}}},"2":{"name":"(anonymous_3)","decl":{"start":{"line":84,"column":19},"end":{"line":84,"column":24}},"loc":{"start":{"line":84,"column":44},"end":{"line":92,"column":1}}},"3":{"name":"(anonymous_4)","decl":{"start":{"line":95,"column":47},"end":{"line":95,"column":52}},"loc":{"start":{"line":95,"column":72},"end":{"line":108,"column":1}}},"4":{"name":"(anonymous_5)","decl":{"start":{"line":111,"column":49},"end":{"line":111,"column":54}},"loc":{"start":{"line":111,"column":74},"end":{"line":123,"column":1}}},"5":{"name":"(anonymous_6)","decl":{"start":{"line":126,"column":52},"end":{"line":126,"column":57}},"loc":{"start":{"line":126,"column":77},"end":{"line":134,"column":1}}}},"branchMap":{"0":{"loc":{"start":{"line":26,"column":25},"end":{"line":26,"column":39}},"type":"default-arg","locations":[{"start":{"line":26,"column":33},"end":{"line":26,"column":39}}]},"1":{"loc":{"start":{"line":28,"column":24},"end":{"line":28,"column":85}},"type":"cond-expr","locations":[{"start":{"line":28,"column":32},"end":{"line":28,"column":73}},{"start":{"line":28,"column":76},"end":{"line":28,"column":85}}]},"2":{"loc":{"start":{"line":29,"column":23},"end":{"line":29,"column":67}},"type":"cond-expr","locations":[{"start":{"line":29,"column":30},"end":{"line":29,"column":55}},{"start":{"line":29,"column":58},"end":{"line":29,"column":67}}]},"3":{"loc":{"start":{"line":30,"column":26},"end":{"line":30,"column":69}},"type":"cond-expr","locations":[{"start":{"line":30,"column":38},"end":{"line":30,"column":57}},{"start":{"line":30,"column":60},"end":{"line":30,"column":69}}]},"4":{"loc":{"start":{"line":31,"column":24},"end":{"line":31,"column":63}},"type":"cond-expr","locations":[{"start":{"line":31,"column":34},"end":{"line":31,"column":51}},{"start":{"line":31,"column":54},"end":{"line":31,"column":63}}]},"5":{"loc":{"start":{"line":32,"column":32},"end":{"line":32,"column":87}},"type":"cond-expr","locations":[{"start":{"line":32,"column":50},"end":{"line":32,"column":75}},{"start":{"line":32,"column":78},"end":{"line":32,"column":87}}]},"6":{"loc":{"start":{"line":37,"column":17},"end":{"line":37,"column":93}},"type":"cond-expr","locations":[{"start":{"line":37,"column":68},"end":{"line":37,"column":81}},{"start":{"line":37,"column":84},"end":{"line":37,"column":93}}]},"7":{"loc":{"start":{"line":37,"column":17},"end":{"line":37,"column":65}},"type":"binary-expr","locations":[{"start":{"line":37,"column":17},"end":{"line":37,"column":30}},{"start":{"line":37,"column":34},"end":{"line":37,"column":65}}]},"8":{"loc":{"start":{"line":38,"column":15},"end":{"line":38,"column":85}},"type":"cond-expr","locations":[{"start":{"line":38,"column":62},"end":{"line":38,"column":73}},{"start":{"line":38,"column":76},"end":{"line":38,"column":85}}]},"9":{"loc":{"start":{"line":38,"column":15},"end":{"line":38,"column":59}},"type":"binary-expr","locations":[{"start":{"line":38,"column":15},"end":{"line":38,"column":26}},{"start":{"line":38,"column":30},"end":{"line":38,"column":59}}]},"10":{"loc":{"start":{"line":40,"column":8},"end":{"line":40,"column":102}},"type":"cond-expr","locations":[{"start":{"line":40,"column":71},"end":{"line":40,"column":90}},{"start":{"line":40,"column":93},"end":{"line":40,"column":102}}]},"11":{"loc":{"start":{"line":40,"column":8},"end":{"line":40,"column":68}},"type":"binary-expr","locations":[{"start":{"line":40,"column":8},"end":{"line":40,"column":27}},{"start":{"line":40,"column":31},"end":{"line":40,"column":68}}]},"12":{"loc":{"start":{"line":43,"column":13},"end":{"line":43,"column":45}},"type":"cond-expr","locations":[{"start":{"line":43,"column":31},"end":{"line":43,"column":36}},{"start":{"line":43,"column":39},"end":{"line":43,"column":45}}]},"13":{"loc":{"start":{"line":56,"column":12},"end":{"line":56,"column":26}},"type":"default-arg","locations":[{"start":{"line":56,"column":20},"end":{"line":56,"column":26}}]},"14":{"loc":{"start":{"line":58,"column":24},"end":{"line":58,"column":85}},"type":"cond-expr","locations":[{"start":{"line":58,"column":32},"end":{"line":58,"column":73}},{"start":{"line":58,"column":76},"end":{"line":58,"column":85}}]},"15":{"loc":{"start":{"line":59,"column":23},"end":{"line":59,"column":67}},"type":"cond-expr","locations":[{"start":{"line":59,"column":30},"end":{"line":59,"column":55}},{"start":{"line":59,"column":58},"end":{"line":59,"column":67}}]},"16":{"loc":{"start":{"line":60,"column":26},"end":{"line":60,"column":69}},"type":"cond-expr","locations":[{"start":{"line":60,"column":38},"end":{"line":60,"column":57}},{"start":{"line":60,"column":60},"end":{"line":60,"column":69}}]},"17":{"loc":{"start":{"line":61,"column":24},"end":{"line":61,"column":63}},"type":"cond-expr","locations":[{"start":{"line":61,"column":34},"end":{"line":61,"column":51}},{"start":{"line":61,"column":54},"end":{"line":61,"column":63}}]},"18":{"loc":{"start":{"line":62,"column":32},"end":{"line":62,"column":87}},"type":"cond-expr","locations":[{"start":{"line":62,"column":50},"end":{"line":62,"column":75}},{"start":{"line":62,"column":78},"end":{"line":62,"column":87}}]},"19":{"loc":{"start":{"line":67,"column":17},"end":{"line":67,"column":93}},"type":"cond-expr","locations":[{"start":{"line":67,"column":68},"end":{"line":67,"column":81}},{"start":{"line":67,"column":84},"end":{"line":67,"column":93}}]},"20":{"loc":{"start":{"line":67,"column":17},"end":{"line":67,"column":65}},"type":"binary-expr","locations":[{"start":{"line":67,"column":17},"end":{"line":67,"column":30}},{"start":{"line":67,"column":34},"end":{"line":67,"column":65}}]},"21":{"loc":{"start":{"line":68,"column":15},"end":{"line":68,"column":85}},"type":"cond-expr","locations":[{"start":{"line":68,"column":62},"end":{"line":68,"column":73}},{"start":{"line":68,"column":76},"end":{"line":68,"column":85}}]},"22":{"loc":{"start":{"line":68,"column":15},"end":{"line":68,"column":59}},"type":"binary-expr","locations":[{"start":{"line":68,"column":15},"end":{"line":68,"column":26}},{"start":{"line":68,"column":30},"end":{"line":68,"column":59}}]},"23":{"loc":{"start":{"line":70,"column":8},"end":{"line":70,"column":102}},"type":"cond-expr","locations":[{"start":{"line":70,"column":71},"end":{"line":70,"column":90}},{"start":{"line":70,"column":93},"end":{"line":70,"column":102}}]},"24":{"loc":{"start":{"line":70,"column":8},"end":{"line":70,"column":68}},"type":"binary-expr","locations":[{"start":{"line":70,"column":8},"end":{"line":70,"column":27}},{"start":{"line":70,"column":31},"end":{"line":70,"column":68}}]},"25":{"loc":{"start":{"line":73,"column":13},"end":{"line":73,"column":45}},"type":"cond-expr","locations":[{"start":{"line":73,"column":31},"end":{"line":73,"column":36}},{"start":{"line":73,"column":39},"end":{"line":73,"column":45}}]},"26":{"loc":{"start":{"line":87,"column":4},"end":{"line":87,"column":null}},"type":"if","locations":[{"start":{"line":87,"column":4},"end":{"line":87,"column":null}},{"start":{},"end":{}}]},"27":{"loc":{"start":{"line":103,"column":4},"end":{"line":105,"column":5}},"type":"if","locations":[{"start":{"line":103,"column":4},"end":{"line":105,"column":5}},{"start":{},"end":{}}]},"28":{"loc":{"start":{"line":118,"column":4},"end":{"line":120,"column":5}},"type":"if","locations":[{"start":{"line":118,"column":4},"end":{"line":120,"column":5}},{"start":{},"end":{}}]}},"s":{"0":12,"1":12,"2":12,"3":12,"4":12,"5":12,"6":12,"7":12,"8":2,"9":2,"10":2,"11":2,"12":2,"13":2,"14":2,"15":2,"16":1,"17":1,"18":12,"19":1,"20":1,"21":1,"22":1,"23":1,"24":1,"25":1,"26":1,"27":1,"28":1,"29":0,"30":12,"31":2,"32":2,"33":2,"34":2,"35":0,"36":0,"37":12,"38":1,"39":1,"40":0,"41":0,"42":0,"43":1,"44":1,"45":0,"46":12,"47":3,"48":3,"49":2,"50":2,"51":1,"52":2,"53":1,"54":1,"55":12,"56":2,"57":2,"58":2,"59":1,"60":1,"61":12},"f":{"0":2,"1":1,"2":2,"3":1,"4":3,"5":2},"b":{"0":[1],"1":[1,1],"2":[1,1],"3":[1,1],"4":[0,2],"5":[0,2],"6":[1,1],"7":[2,1],"8":[0,2],"9":[2,0],"10":[0,2],"11":[2,0],"12":[1,1],"13":[1],"14":[0,1],"15":[0,1],"16":[0,1],"17":[0,1],"18":[0,1],"19":[0,1],"20":[1,0],"21":[0,1],"22":[1,0],"23":[0,1],"24":[1,0],"25":[0,1],"26":[2,0],"27":[1,0],"28":[1,1]}}
,"G:\\ESTUDOS IA TRAE\\role\\backend\\src\\services\\auditService.ts": {"path":"G:\\ESTUDOS IA TRAE\\role\\backend\\src\\services\\auditService.ts","statementMap":{"0":{"start":{"line":22,"column":0},"end":{"line":22,"column":7}},"1":{"start":{"line":1,"column":0},"end":{"line":1,"column":66}},"2":{"start":{"line":2,"column":0},"end":{"line":2,"column":43}},"3":{"start":{"line":3,"column":0},"end":{"line":3,"column":35}},"4":{"start":{"line":4,"column":0},"end":{"line":4,"column":23}},"5":{"start":{"line":6,"column":11},"end":{"line":6,"column":93}},"6":{"start":{"line":7,"column":15},"end":{"line":7,"column":21}},"7":{"start":{"line":8,"column":25},"end":{"line":8,"column":37}},"8":{"start":{"line":23,"column":30},"end":{"line":23,"column":70}},"9":{"start":{"line":24,"column":2},"end":{"line":30,"column":3}},"10":{"start":{"line":25,"column":4},"end":{"line":25,"column":null}},"11":{"start":{"line":26,"column":4},"end":{"line":26,"column":null}},"12":{"start":{"line":29,"column":4},"end":{"line":29,"column":null}}},"fnMap":{"0":{"name":"logAudit","decl":{"start":{"line":22,"column":22},"end":{"line":22,"column":30}},"loc":{"start":{"line":22,"column":67},"end":{"line":31,"column":1}}}},"branchMap":{"0":{"loc":{"start":{"line":6,"column":11},"end":{"line":6,"column":93}},"type":"cond-expr","locations":[{"start":{"line":6,"column":33},"end":{"line":6,"column":76}},{"start":{"line":6,"column":79},"end":{"line":6,"column":93}}]}},"s":{"0":9,"1":9,"2":9,"3":9,"4":9,"5":9,"6":9,"7":9,"8":2,"9":2,"10":2,"11":1,"12":1},"f":{"0":2},"b":{"0":[0,9]}}
,"G:\\ESTUDOS IA TRAE\\role\\backend\\src\\services\\rolesService.ts": {"path":"G:\\ESTUDOS IA TRAE\\role\\backend\\src\\services\\rolesService.ts","statementMap":{"0":{"start":{"line":34,"column":0},"end":{"line":34,"column":7}},"1":{"start":{"line":50,"column":0},"end":{"line":50,"column":7}},"2":{"start":{"line":58,"column":0},"end":{"line":58,"column":7}},"3":{"start":{"line":107,"column":0},"end":{"line":107,"column":7}},"4":{"start":{"line":121,"column":0},"end":{"line":121,"column":7}},"5":{"start":{"line":1,"column":0},"end":{"line":1,"column":78}},"6":{"start":{"line":2,"column":0},"end":{"line":2,"column":43}},"7":{"start":{"line":3,"column":0},"end":{"line":3,"column":35}},"8":{"start":{"line":4,"column":0},"end":{"line":4,"column":41}},"9":{"start":{"line":8,"column":11},"end":{"line":8,"column":93}},"10":{"start":{"line":9,"column":25},"end":{"line":9,"column":32}},"11":{"start":{"line":20,"column":2},"end":{"line":20,"column":null}},"12":{"start":{"line":20,"column":24},"end":{"line":20,"column":null}},"13":{"start":{"line":21,"column":12},"end":{"line":21,"column":27}},"14":{"start":{"line":22,"column":2},"end":{"line":24,"column":3}},"15":{"start":{"line":23,"column":4},"end":{"line":23,"column":null}},"16":{"start":{"line":26,"column":12},"end":{"line":26,"column":23}},"17":{"start":{"line":27,"column":2},"end":{"line":29,"column":3}},"18":{"start":{"line":28,"column":4},"end":{"line":28,"column":null}},"19":{"start":{"line":31,"column":2},"end":{"line":31,"column":null}},"20":{"start":{"line":35,"column":14},"end":{"line":35,"column":29}},"21":{"start":{"line":36,"column":17},"end":{"line":42,"column":4}},"22":{"start":{"line":43,"column":15},"end":{"line":43,"column":33}},"23":{"start":{"line":45,"column":2},"end":{"line":45,"column":null}},"24":{"start":{"line":46,"column":2},"end":{"line":46,"column":null}},"25":{"start":{"line":51,"column":17},"end":{"line":51,"column":60}},"26":{"start":{"line":52,"column":15},"end":{"line":52,"column":33}},"27":{"start":{"line":53,"column":2},"end":{"line":53,"column":null}},"28":{"start":{"line":53,"column":20},"end":{"line":53,"column":null}},"29":{"start":{"line":54,"column":2},"end":{"line":54,"column":null}},"30":{"start":{"line":72,"column":39},"end":{"line":72,"column":70}},"31":{"start":{"line":73,"column":2},"end":{"line":73,"column":null}},"32":{"start":{"line":73,"column":20},"end":{"line":73,"column":null}},"33":{"start":{"line":74,"column":2},"end":{"line":74,"column":null}},"34":{"start":{"line":74,"column":19},"end":{"line":74,"column":null}},"35":{"start":{"line":75,"column":2},"end":{"line":75,"column":null}},"36":{"start":{"line":75,"column":21},"end":{"line":75,"column":null}},"37":{"start":{"line":76,"column":2},"end":{"line":76,"column":null}},"38":{"start":{"line":76,"column":23},"end":{"line":76,"column":null}},"39":{"start":{"line":78,"column":2},"end":{"line":80,"column":3}},"40":{"start":{"line":79,"column":4},"end":{"line":79,"column":null}},"41":{"start":{"line":81,"column":2},"end":{"line":83,"column":3}},"42":{"start":{"line":82,"column":4},"end":{"line":82,"column":null}},"43":{"start":{"line":84,"column":2},"end":{"line":84,"column":null}},"44":{"start":{"line":84,"column":22},"end":{"line":84,"column":null}},"45":{"start":{"line":86,"column":2},"end":{"line":94,"column":3}},"46":{"start":{"line":87,"column":19},"end":{"line":87,"column":71}},"47":{"start":{"line":88,"column":20},"end":{"line":88,"column":38}},"48":{"start":{"line":89,"column":4},"end":{"line":91,"column":5}},"49":{"start":{"line":90,"column":6},"end":{"line":90,"column":null}},"50":{"start":{"line":92,"column":9},"end":{"line":94,"column":3}},"51":{"start":{"line":93,"column":4},"end":{"line":93,"column":null}},"52":{"start":{"line":95,"column":16},"end":{"line":95,"column":62}},"53":{"start":{"line":96,"column":2},"end":{"line":96,"column":null}},"54":{"start":{"line":98,"column":2},"end":{"line":101,"column":3}},"55":{"start":{"line":99,"column":19},"end":{"line":99,"column":44}},"56":{"start":{"line":100,"column":4},"end":{"line":100,"column":null}},"57":{"start":{"line":102,"column":15},"end":{"line":102,"column":32}},"58":{"start":{"line":103,"column":2},"end":{"line":103,"column":null}},"59":{"start":{"line":103,"column":31},"end":{"line":103,"column":65}},"60":{"start":{"line":108,"column":17},"end":{"line":108,"column":60}},"61":{"start":{"line":109,"column":15},"end":{"line":109,"column":33}},"62":{"start":{"line":110,"column":2},"end":{"line":110,"column":null}},"63":{"start":{"line":110,"column":20},"end":{"line":110,"column":null}},"64":{"start":{"line":111,"column":18},"end":{"line":111,"column":36}},"65":{"start":{"line":112,"column":2},"end":{"line":112,"column":null}},"66":{"start":{"line":112,"column":32},"end":{"line":112,"column":null}},"67":{"start":{"line":113,"column":2},"end":{"line":113,"column":null}},"68":{"start":{"line":114,"column":18},"end":{"line":114,"column":36}},"69":{"start":{"line":116,"column":2},"end":{"line":116,"column":null}},"70":{"start":{"line":117,"column":2},"end":{"line":117,"column":null}},"71":{"start":{"line":122,"column":17},"end":{"line":122,"column":60}},"72":{"start":{"line":123,"column":15},"end":{"line":123,"column":33}},"73":{"start":{"line":124,"column":2},"end":{"line":124,"column":null}},"74":{"start":{"line":124,"column":20},"end":{"line":124,"column":null}},"75":{"start":{"line":125,"column":18},"end":{"line":125,"column":36}},"76":{"start":{"line":126,"column":2},"end":{"line":126,"column":null}},"77":{"start":{"line":126,"column":32},"end":{"line":126,"column":null}},"78":{"start":{"line":127,"column":2},"end":{"line":127,"column":null}},"79":{"start":{"line":129,"column":2},"end":{"line":129,"column":null}}},"fnMap":{"0":{"name":"normalizeStartTime","decl":{"start":{"line":19,"column":9},"end":{"line":19,"column":27}},"loc":{"start":{"line":19,"column":64},"end":{"line":32,"column":1}}},"1":{"name":"createRole","decl":{"start":{"line":34,"column":22},"end":{"line":34,"column":32}},"loc":{"start":{"line":34,"column":67},"end":{"line":47,"column":1}}},"2":{"name":"getRoleById","decl":{"start":{"line":50,"column":22},"end":{"line":50,"column":33}},"loc":{"start":{"line":50,"column":48},"end":{"line":55,"column":1}}},"3":{"name":"listRoles","decl":{"start":{"line":58,"column":22},"end":{"line":58,"column":31}},"loc":{"start":{"line":71,"column":1},"end":{"line":104,"column":1}}},"4":{"name":"(anonymous_4)","decl":{"start":{"line":103,"column":23},"end":{"line":103,"column":24}},"loc":{"start":{"line":103,"column":31},"end":{"line":103,"column":65}}},"5":{"name":"updateRole","decl":{"start":{"line":107,"column":22},"end":{"line":107,"column":32}},"loc":{"start":{"line":107,"column":83},"end":{"line":118,"column":1}}},"6":{"name":"deleteRole","decl":{"start":{"line":121,"column":22},"end":{"line":121,"column":32}},"loc":{"start":{"line":121,"column":60},"end":{"line":130,"column":1}}}},"branchMap":{"0":{"loc":{"start":{"line":8,"column":11},"end":{"line":8,"column":93}},"type":"cond-expr","locations":[{"start":{"line":8,"column":33},"end":{"line":8,"column":76}},{"start":{"line":8,"column":79},"end":{"line":8,"column":93}}]},"1":{"loc":{"start":{"line":20,"column":2},"end":{"line":20,"column":null}},"type":"if","locations":[{"start":{"line":20,"column":2},"end":{"line":20,"column":null}},{"start":{},"end":{}}]},"2":{"loc":{"start":{"line":22,"column":2},"end":{"line":24,"column":3}},"type":"if","locations":[{"start":{"line":22,"column":2},"end":{"line":24,"column":3}},{"start":{},"end":{}}]},"3":{"loc":{"start":{"line":27,"column":2},"end":{"line":29,"column":3}},"type":"if","locations":[{"start":{"line":27,"column":2},"end":{"line":29,"column":3}},{"start":{},"end":{}}]},"4":{"loc":{"start":{"line":53,"column":2},"end":{"line":53,"column":null}},"type":"if","locations":[{"start":{"line":53,"column":2},"end":{"line":53,"column":null}},{"start":{},"end":{}}]},"5":{"loc":{"start":{"line":73,"column":2},"end":{"line":73,"column":null}},"type":"if","locations":[{"start":{"line":73,"column":2},"end":{"line":73,"column":null}},{"start":{},"end":{}}]},"6":{"loc":{"start":{"line":74,"column":2},"end":{"line":74,"column":null}},"type":"if","locations":[{"start":{"line":74,"column":2},"end":{"line":74,"column":null}},{"start":{},"end":{}}]},"7":{"loc":{"start":{"line":75,"column":2},"end":{"line":75,"column":null}},"type":"if","locations":[{"start":{"line":75,"column":2},"end":{"line":75,"column":null}},{"start":{},"end":{}}]},"8":{"loc":{"start":{"line":76,"column":2},"end":{"line":76,"column":null}},"type":"if","locations":[{"start":{"line":76,"column":2},"end":{"line":76,"column":null}},{"start":{},"end":{}}]},"9":{"loc":{"start":{"line":78,"column":2},"end":{"line":80,"column":3}},"type":"if","locations":[{"start":{"line":78,"column":2},"end":{"line":80,"column":3}},{"start":{},"end":{}}]},"10":{"loc":{"start":{"line":81,"column":2},"end":{"line":83,"column":3}},"type":"if","locations":[{"start":{"line":81,"column":2},"end":{"line":83,"column":3}},{"start":{},"end":{}}]},"11":{"loc":{"start":{"line":84,"column":2},"end":{"line":84,"column":null}},"type":"if","locations":[{"start":{"line":84,"column":2},"end":{"line":84,"column":null}},{"start":{},"end":{}}]},"12":{"loc":{"start":{"line":84,"column":60},"end":{"line":84,"column":82}},"type":"binary-expr","locations":[{"start":{"line":84,"column":60},"end":{"line":84,"column":72}},{"start":{"line":84,"column":76},"end":{"line":84,"column":82}}]},"13":{"loc":{"start":{"line":86,"column":2},"end":{"line":94,"column":3}},"type":"if","locations":[{"start":{"line":86,"column":2},"end":{"line":94,"column":3}},{"start":{"line":92,"column":9},"end":{"line":94,"column":3}}]},"14":{"loc":{"start":{"line":89,"column":4},"end":{"line":91,"column":5}},"type":"if","locations":[{"start":{"line":89,"column":4},"end":{"line":91,"column":5}},{"start":{},"end":{}}]},"15":{"loc":{"start":{"line":92,"column":9},"end":{"line":94,"column":3}},"type":"if","locations":[{"start":{"line":92,"column":9},"end":{"line":94,"column":3}},{"start":{},"end":{}}]},"16":{"loc":{"start":{"line":95,"column":34},"end":{"line":95,"column":52}},"type":"binary-expr","locations":[{"start":{"line":95,"column":34},"end":{"line":95,"column":46}},{"start":{"line":95,"column":50},"end":{"line":95,"column":52}}]},"17":{"loc":{"start":{"line":98,"column":2},"end":{"line":101,"column":3}},"type":"if","locations":[{"start":{"line":98,"column":2},"end":{"line":101,"column":3}},{"start":{},"end":{}}]},"18":{"loc":{"start":{"line":98,"column":6},"end":{"line":98,"column":83}},"type":"binary-expr","locations":[{"start":{"line":98,"column":6},"end":{"line":98,"column":22}},{"start":{"line":98,"column":26},"end":{"line":98,"column":49}},{"start":{"line":98,"column":53},"end":{"line":98,"column":64}},{"start":{"line":98,"column":68},"end":{"line":98,"column":83}}]},"19":{"loc":{"start":{"line":110,"column":2},"end":{"line":110,"column":null}},"type":"if","locations":[{"start":{"line":110,"column":2},"end":{"line":110,"column":null}},{"start":{},"end":{}}]},"20":{"loc":{"start":{"line":112,"column":2},"end":{"line":112,"column":null}},"type":"if","locations":[{"start":{"line":112,"column":2},"end":{"line":112,"column":null}},{"start":{},"end":{}}]},"21":{"loc":{"start":{"line":124,"column":2},"end":{"line":124,"column":null}},"type":"if","locations":[{"start":{"line":124,"column":2},"end":{"line":124,"column":null}},{"start":{},"end":{}}]},"22":{"loc":{"start":{"line":126,"column":2},"end":{"line":126,"column":null}},"type":"if","locations":[{"start":{"line":126,"column":2},"end":{"line":126,"column":null}},{"start":{},"end":{}}]}},"s":{"0":10,"1":10,"2":10,"3":10,"4":10,"5":10,"6":10,"7":10,"8":10,"9":10,"10":10,"11":2,"12":0,"13":2,"14":2,"15":1,"16":1,"17":1,"18":1,"19":0,"20":1,"21":1,"22":1,"23":1,"24":1,"25":2,"26":2,"27":2,"28":1,"29":1,"30":5,"31":5,"32":1,"33":5,"34":1,"35":5,"36":1,"37":5,"38":1,"39":5,"40":0,"41":5,"42":0,"43":5,"44":1,"45":5,"46":1,"47":1,"48":1,"49":1,"50":4,"51":1,"52":5,"53":5,"54":5,"55":1,"56":1,"57":5,"58":5,"59":3,"60":2,"61":2,"62":2,"63":0,"64":2,"65":2,"66":1,"67":1,"68":1,"69":1,"70":1,"71":1,"72":1,"73":1,"74":1,"75":0,"76":0,"77":0,"78":0,"79":0},"f":{"0":2,"1":1,"2":2,"3":5,"4":3,"5":2,"6":1},"b":{"0":[0,10],"1":[0,2],"2":[1,1],"3":[1,0],"4":[1,1],"5":[1,4],"6":[1,4],"7":[1,4],"8":[1,4],"9":[0,5],"10":[0,5],"11":[1,4],"12":[1,0],"13":[1,4],"14":[1,0],"15":[1,3],"16":[5,1],"17":[1,4],"18":[5,4,3,1],"19":[0,2],"20":[1,1],"21":[1,0],"22":[0,0]}}
,"G:\\ESTUDOS IA TRAE\\role\\backend\\src\\services\\storageService.ts": {"path":"G:\\ESTUDOS IA TRAE\\role\\backend\\src\\services\\storageService.ts","statementMap":{"0":{"start":{"line":4,"column":0},"end":{"line":4,"column":16}},"1":{"start":{"line":10,"column":18},"end":{"line":10,"column":35}},"2":{"start":{"line":11,"column":21},"end":{"line":11,"column":41}},"3":{"start":{"line":12,"column":23},"end":{"line":12,"column":78}},"4":{"start":{"line":13,"column":2},"end":{"line":13,"column":null}}},"fnMap":{"0":{"name":"buildRoleImagePath","decl":{"start":{"line":4,"column":16},"end":{"line":4,"column":34}},"loc":{"start":{"line":8,"column":1},"end":{"line":14,"column":1}}}},"branchMap":{},"s":{"0":1,"1":2,"2":2,"3":2,"4":2},"f":{"0":2},"b":{}}
,"G:\\ESTUDOS IA TRAE\\role\\backend\\src\\validators\\roleValidator.ts": {"path":"G:\\ESTUDOS IA TRAE\\role\\backend\\src\\validators\\roleValidator.ts","statementMap":{"0":{"start":{"line":1,"column":0},"end":{"line":1,"column":23}},"1":{"start":{"line":4,"column":13},"end":{"line":28,"column":null}},"2":{"start":{"line":8,"column":53},"end":{"line":8,"column":79}},"3":{"start":{"line":31,"column":13},"end":{"line":33,"column":null}}},"fnMap":{"0":{"name":"(anonymous_0)","decl":{"start":{"line":8,"column":46},"end":{"line":8,"column":47}},"loc":{"start":{"line":8,"column":53},"end":{"line":8,"column":79}}}},"branchMap":{},"s":{"0":12,"1":12,"2":0,"3":12},"f":{"0":0},"b":{}}
}
