TN:
SF:src\app.ts
FN:23,(anonymous_1)
FN:79,(anonymous_2)
FN:86,(anonymous_3)
FN:103,(anonymous_4)
FN:111,(anonymous_5)
FNF:5
FNH:3
FNDA:24,(anonymous_1)
FNDA:0,(anonymous_2)
FNDA:1,(anonymous_3)
FNDA:0,(anonymous_4)
FNDA:1,(anonymous_5)
DA:1,12
DA:2,12
DA:3,12
DA:4,12
DA:5,12
DA:6,12
DA:7,12
DA:8,12
DA:9,12
DA:10,12
DA:11,12
DA:12,12
DA:14,12
DA:17,12
DA:20,12
DA:21,12
DA:24,24
DA:25,0
DA:26,0
DA:27,0
DA:28,0
DA:29,0
DA:33,0
DA:34,0
DA:36,0
DA:45,12
DA:70,12
DA:73,12
DA:74,12
DA:77,12
DA:78,0
DA:79,0
DA:80,0
DA:81,0
DA:86,12
DA:87,1
DA:91,12
DA:94,12
DA:97,12
DA:100,12
DA:103,12
DA:104,0
DA:108,12
DA:111,12
DA:112,1
DA:115,12
LF:46
LH:33
BRDA:24,0,0,24
BRDA:24,0,1,0
BRDA:25,1,0,0
BRDA:25,1,1,0
BRDA:33,2,0,0
BRDA:33,2,1,0
BRDA:33,3,0,0
BRDA:33,3,1,0
BRDA:33,3,2,0
BRDA:47,4,0,0
BRDA:47,4,1,12
BRDA:63,5,0,0
BRDA:63,5,1,12
BRDA:77,6,0,0
BRDA:77,6,1,12
BRDA:80,7,0,0
BRDA:80,7,1,0
BRDA:80,8,0,0
BRDA:80,8,1,0
BRF:19
BRH:4
end_of_record
TN:
SF:src\config\env.ts
FN:45,(anonymous_1)
FNF:1
FNH:1
FNDA:30,(anonymous_1)
DA:1,15
DA:2,15
DA:5,15
DA:7,15
DA:33,15
DA:35,15
DA:36,0
DA:37,0
DA:40,15
DA:45,30
LF:10
LH:8
BRDA:35,0,0,0
BRDA:35,0,1,15
BRF:2
BRH:1
end_of_record
TN:
SF:src\config\firebaseAdmin.ts
FNF:0
FNH:0
DA:1,8
DA:2,8
DA:3,8
DA:7,8
DA:20,8
LF:5
LH:5
BRDA:8,0,0,0
BRDA:8,0,1,8
BRDA:8,1,0,8
BRDA:8,1,1,0
BRF:4
BRH:2
end_of_record
TN:
SF:src\middlewares\auth.ts
FN:7,authMiddleware
FNF:1
FNH:1
FNDA:10,authMiddleware
DA:2,12
DA:7,12
DA:8,10
DA:9,10
DA:10,10
DA:11,10
DA:12,1
DA:13,1
DA:15,9
DA:17,9
DA:18,9
DA:20,1
DA:21,1
DA:23,8
DA:24,8
DA:26,0
DA:27,0
LF:17
LH:15
BRDA:9,0,0,10
BRDA:9,0,1,1
BRDA:11,1,0,1
BRDA:11,1,1,9
BRDA:20,2,0,1
BRDA:20,2,1,0
BRF:6
BRH:5
end_of_record
TN:
SF:src\middlewares\errorHandler.ts
FN:3,errorHandler
FNF:1
FNH:1
FNDA:6,errorHandler
DA:3,13
DA:4,6
DA:5,6
DA:7,6
DA:8,6
LF:5
LH:5
BRDA:4,0,0,6
BRDA:4,0,1,2
BRDA:5,1,0,6
BRDA:5,1,1,0
BRF:4
BRH:3
end_of_record
TN:
SF:src\routes\auth.ts
FN:10,(anonymous_0)
FN:23,(anonymous_1)
FNF:2
FNH:2
FNDA:1,(anonymous_0)
FNDA:1,(anonymous_1)
DA:1,12
DA:2,12
DA:3,12
DA:7,12
DA:10,12
DA:11,1
DA:12,1
DA:13,1
DA:14,1
DA:23,1
DA:26,0
DA:30,12
LF:12
LH:11
BRDA:22,0,0,1
BRDA:22,0,1,0
BRDA:23,1,0,1
BRDA:23,1,1,0
BRF:4
BRH:2
end_of_record
TN:
SF:src\routes\diag.ts
FN:10,(anonymous_0)
FN:15,(anonymous_1)
FNF:2
FNH:2
FNDA:1,(anonymous_0)
FNDA:2,(anonymous_1)
DA:1,12
DA:2,12
DA:3,12
DA:4,12
DA:6,12
DA:7,12
DA:10,12
DA:11,1
DA:15,12
DA:16,2
DA:18,2
DA:19,1
DA:20,1
DA:22,1
DA:26,12
LF:15
LH:15
BRDA:7,0,0,0
BRDA:7,0,1,12
BRF:2
BRH:1
end_of_record
TN:
SF:src\routes\metrics.ts
FN:16,(anonymous_1)
FNF:1
FNH:1
FNDA:5,(anonymous_1)
DA:1,12
DA:2,12
DA:3,12
DA:4,12
DA:5,12
DA:7,12
DA:8,12
DA:9,12
DA:16,12
DA:17,5
DA:18,5
DA:19,5
DA:20,2
DA:22,3
DA:33,3
DA:34,3
DA:35,2
DA:37,1
DA:41,12
LF:19
LH:19
BRDA:8,0,0,0
BRDA:8,0,1,12
BRDA:18,1,0,5
BRDA:18,1,1,0
BRDA:19,2,0,2
BRDA:19,2,1,3
BRDA:19,3,0,5
BRDA:19,3,1,3
BRDA:19,3,2,3
BRDA:26,4,0,1
BRDA:26,4,1,2
BRDA:27,5,0,1
BRDA:27,5,1,2
BRDA:28,6,0,1
BRDA:28,6,1,2
BRDA:29,7,0,1
BRDA:29,7,1,2
BRDA:30,8,0,1
BRDA:30,8,1,2
BRF:19
BRH:17
end_of_record
TN:
SF:src\routes\roles.ts
FN:24,(anonymous_1)
FN:54,(anonymous_2)
FN:84,(anonymous_3)
FN:95,(anonymous_4)
FN:111,(anonymous_5)
FN:126,(anonymous_6)
FNF:6
FNH:6
FNDA:2,(anonymous_1)
FNDA:1,(anonymous_2)
FNDA:2,(anonymous_3)
FNDA:1,(anonymous_4)
FNDA:3,(anonymous_5)
FNDA:2,(anonymous_6)
DA:1,12
DA:2,12
DA:3,12
DA:4,12
DA:5,12
DA:15,12
DA:18,12
DA:24,12
DA:25,2
DA:27,2
DA:28,2
DA:29,2
DA:30,2
DA:31,2
DA:32,2
DA:33,2
DA:47,1
DA:49,1
DA:54,12
DA:55,1
DA:57,1
DA:58,1
DA:59,1
DA:60,1
DA:61,1
DA:62,1
DA:63,1
DA:64,1
DA:77,1
DA:79,0
DA:84,12
DA:85,2
DA:86,2
DA:87,2
DA:88,0
DA:90,0
DA:95,12
DA:96,1
DA:97,1
DA:98,0
DA:99,0
DA:100,0
DA:103,1
DA:104,1
DA:106,0
DA:111,12
DA:112,3
DA:113,3
DA:114,2
DA:115,2
DA:116,1
DA:118,2
DA:119,1
DA:121,1
DA:126,12
DA:127,2
DA:128,2
DA:129,2
DA:130,1
DA:132,1
DA:136,12
LF:61
LH:54
BRDA:26,0,0,1
BRDA:28,1,0,1
BRDA:28,1,1,1
BRDA:29,2,0,1
BRDA:29,2,1,1
BRDA:30,3,0,1
BRDA:30,3,1,1
BRDA:31,4,0,0
BRDA:31,4,1,2
BRDA:32,5,0,0
BRDA:32,5,1,2
BRDA:37,6,0,1
BRDA:37,6,1,1
BRDA:37,7,0,2
BRDA:37,7,1,1
BRDA:38,8,0,0
BRDA:38,8,1,2
BRDA:38,9,0,2
BRDA:38,9,1,0
BRDA:40,10,0,0
BRDA:40,10,1,2
BRDA:40,11,0,2
BRDA:40,11,1,0
BRDA:43,12,0,1
BRDA:43,12,1,1
BRDA:56,13,0,1
BRDA:58,14,0,0
BRDA:58,14,1,1
BRDA:59,15,0,0
BRDA:59,15,1,1
BRDA:60,16,0,0
BRDA:60,16,1,1
BRDA:61,17,0,0
BRDA:61,17,1,1
BRDA:62,18,0,0
BRDA:62,18,1,1
BRDA:67,19,0,0
BRDA:67,19,1,1
BRDA:67,20,0,1
BRDA:67,20,1,0
BRDA:68,21,0,0
BRDA:68,21,1,1
BRDA:68,22,0,1
BRDA:68,22,1,0
BRDA:70,23,0,0
BRDA:70,23,1,1
BRDA:70,24,0,1
BRDA:70,24,1,0
BRDA:73,25,0,0
BRDA:73,25,1,1
BRDA:87,26,0,2
BRDA:87,26,1,0
BRDA:103,27,0,1
BRDA:103,27,1,0
BRDA:118,28,0,1
BRDA:118,28,1,1
BRF:56
BRH:36
end_of_record
TN:
SF:src\services\auditService.ts
FN:22,logAudit
FNF:1
FNH:1
FNDA:2,logAudit
DA:1,9
DA:2,9
DA:3,9
DA:4,9
DA:6,9
DA:7,9
DA:8,9
DA:22,9
DA:23,2
DA:24,2
DA:25,2
DA:26,1
DA:29,1
LF:13
LH:13
BRDA:6,0,0,0
BRDA:6,0,1,9
BRF:2
BRH:1
end_of_record
TN:
SF:src\services\rolesService.ts
FN:19,normalizeStartTime
FN:34,createRole
FN:50,getRoleById
FN:58,listRoles
FN:103,(anonymous_4)
FN:107,updateRole
FN:121,deleteRole
FNF:7
FNH:7
FNDA:2,normalizeStartTime
FNDA:1,createRole
FNDA:2,getRoleById
FNDA:5,listRoles
FNDA:3,(anonymous_4)
FNDA:2,updateRole
FNDA:1,deleteRole
DA:1,10
DA:2,10
DA:3,10
DA:4,10
DA:8,10
DA:9,10
DA:20,2
DA:21,2
DA:22,2
DA:23,1
DA:26,1
DA:27,1
DA:28,1
DA:31,0
DA:34,10
DA:35,1
DA:36,1
DA:43,1
DA:45,1
DA:46,1
DA:50,10
DA:51,2
DA:52,2
DA:53,2
DA:54,1
DA:58,10
DA:72,5
DA:73,5
DA:74,5
DA:75,5
DA:76,5
DA:78,5
DA:79,0
DA:81,5
DA:82,0
DA:84,5
DA:86,5
DA:87,1
DA:88,1
DA:89,1
DA:90,1
DA:92,4
DA:93,1
DA:95,5
DA:96,5
DA:98,5
DA:99,1
DA:100,1
DA:102,5
DA:103,5
DA:107,10
DA:108,2
DA:109,2
DA:110,2
DA:111,2
DA:112,2
DA:113,1
DA:114,1
DA:116,1
DA:117,1
DA:121,10
DA:122,1
DA:123,1
DA:124,1
DA:125,0
DA:126,0
DA:127,0
DA:129,0
LF:68
LH:61
BRDA:8,0,0,0
BRDA:8,0,1,10
BRDA:20,1,0,0
BRDA:20,1,1,2
BRDA:22,2,0,1
BRDA:22,2,1,1
BRDA:27,3,0,1
BRDA:27,3,1,0
BRDA:53,4,0,1
BRDA:53,4,1,1
BRDA:73,5,0,1
BRDA:73,5,1,4
BRDA:74,6,0,1
BRDA:74,6,1,4
BRDA:75,7,0,1
BRDA:75,7,1,4
BRDA:76,8,0,1
BRDA:76,8,1,4
BRDA:78,9,0,0
BRDA:78,9,1,5
BRDA:81,10,0,0
BRDA:81,10,1,5
BRDA:84,11,0,1
BRDA:84,11,1,4
BRDA:84,12,0,1
BRDA:84,12,1,0
BRDA:86,13,0,1
BRDA:86,13,1,4
BRDA:89,14,0,1
BRDA:89,14,1,0
BRDA:92,15,0,1
BRDA:92,15,1,3
BRDA:95,16,0,5
BRDA:95,16,1,1
BRDA:98,17,0,1
BRDA:98,17,1,4
BRDA:98,18,0,5
BRDA:98,18,1,4
BRDA:98,18,2,3
BRDA:98,18,3,1
BRDA:110,19,0,0
BRDA:110,19,1,2
BRDA:112,20,0,1
BRDA:112,20,1,1
BRDA:124,21,0,1
BRDA:124,21,1,0
BRDA:126,22,0,0
BRDA:126,22,1,0
BRF:48
BRH:37
end_of_record
TN:
SF:src\services\storageService.ts
FN:4,buildRoleImagePath
FNF:1
FNH:1
FNDA:2,buildRoleImagePath
DA:4,1
DA:10,2
DA:11,2
DA:12,2
DA:13,2
LF:5
LH:5
BRF:0
BRH:0
end_of_record
TN:
SF:src\validators\roleValidator.ts
FN:8,(anonymous_0)
FNF:1
FNH:0
FNDA:0,(anonymous_0)
DA:1,12
DA:4,12
DA:8,0
DA:31,12
LF:4
LH:3
BRF:0
BRH:0
end_of_record
